[0.017s] Invoking command in '/root/ros2_ws/build/tutorial_topic': AMENT_PREFIX_PATH=/root/ros2_ws/install/tutorial_interfaces:${AMENT_PREFIX_PATH} CMAKE_PREFIX_PATH=/root/ros2_ws/install/tutorial_interfaces:/opt/ros/foxy LD_LIBRARY_PATH=/root/ros2_ws/install/tutorial_interfaces/lib:${LD_LIBRARY_PATH} PYTHONPATH=/root/ros2_ws/install/tutorial_interfaces/lib/python3.8/site-packages:${PYTHONPATH} /usr/bin/cmake --build /root/ros2_ws/build/tutorial_topic -- -j4 -l4
[0.044s] -- Found ament_cmake: 0.9.8 (/opt/ros/foxy/share/ament_cmake/cmake)
[0.059s] -- Using PYTHON_EXECUTABLE: /usr/bin/python3
[0.204s] -- Found rclcpp: 2.3.1 (/opt/ros/foxy/share/rclcpp/cmake)
[0.245s] -- Using all available rosidl_typesupport_c: rosidl_typesupport_fastrtps_c;rosidl_typesupport_introspection_c
[0.250s] -- Found rosidl_adapter: 1.2.1 (/opt/ros/foxy/share/rosidl_adapter/cmake)
[0.353s] -- Using all available rosidl_typesupport_cpp: rosidl_typesupport_fastrtps_cpp;rosidl_typesupport_introspection_cpp
[0.415s] -- Found rmw_implementation_cmake: 1.0.3 (/opt/ros/foxy/share/rmw_implementation_cmake/cmake)
[0.417s] -- Using RMW implementation 'rmw_fastrtps_cpp' as default
[0.571s] -- Found tutorial_interfaces: 1.0.0 (/root/ros2_ws/install/tutorial_interfaces/share/tutorial_interfaces/cmake)
[0.671s] -- Configuring done
[0.700s] -- Generating done
[0.702s] -- Build files have been written to: /root/ros2_ws/build/tutorial_topic
[0.724s] [35m[1mScanning dependencies of target subscriber_async[0m
[0.737s] [35m[1mScanning dependencies of target publisher[0m
[0.739s] [35m[1mScanning dependencies of target subscriber[0m
[0.740s] [35m[1mScanning dependencies of target subscriber_custom[0m
[0.770s] [ 10%] [32mBuilding CXX object CMakeFiles/subscriber_custom.dir/src/subscriber_custom.cpp.o[0m
[0.771s] [ 20%] [32mBuilding CXX object CMakeFiles/publisher.dir/src/publisher.cpp.o[0m
[0.784s] [ 30%] [32mBuilding CXX object CMakeFiles/subscriber.dir/src/subscriber.cpp.o[0m
[0.870s] [ 40%] [32mBuilding CXX object CMakeFiles/subscriber_async.dir/src/subscriber_async.cpp.o[0m
[2.128s] [01m[K/root/ros2_ws/src/tutorial_topic/src/subscriber_async.cpp:21:6:[m[K [01;31m[Kerror: [m[Kredefinition of â€˜[01m[Kvoid onNumberSubscribed(std_msgs::msg::Int32_<std::allocator<void> >::SharedPtr)[m[Kâ€™
[2.128s]    21 | void [01;31m[KonNumberSubscribed[m[K(const Int32::SharedPtr msg){
[2.128s]       |      [01;31m[K^~~~~~~~~~~~~~~~~~[m[K
[2.128s] [01m[K/root/ros2_ws/src/tutorial_topic/src/subscriber_async.cpp:15:6:[m[K [01;36m[Knote: [m[Kâ€˜[01m[Kvoid onNumberSubscribed(std_msgs::msg::Int32_<std::allocator<void> >::SharedPtr)[m[Kâ€™ previously defined here
[2.128s]    15 | void [01;36m[KonNumberSubscribed[m[K(const Int32::SharedPtr msg){
[2.128s]       |      [01;36m[K^~~~~~~~~~~~~~~~~~[m[K
[2.139s] [01m[K/root/ros2_ws/src/tutorial_topic/src/subscriber_async.cpp:[m[K In function â€˜[01m[Kint main(int, char**)[m[Kâ€™:
[2.140s] [01m[K/root/ros2_ws/src/tutorial_topic/src/subscriber_async.cpp:33:10:[m[K [01;31m[Kerror: [m[Kconflicting declaration â€˜[01m[Kauto sub[m[Kâ€™
[2.140s]    33 |     auto [01;31m[Ksub[m[K = g_node->create_subscription<Int32>("number2", 10, onNumberSubscribed);
[2.140s]       |          [01;31m[K^~~[m[K
[2.140s] [01m[K/root/ros2_ws/src/tutorial_topic/src/subscriber_async.cpp:32:10:[m[K [01;36m[Knote: [m[Kprevious declaration as â€˜[01m[Kstd::shared_ptr<rclcpp::Subscription<std_msgs::msg::Int32_<std::allocator<void> >, std::allocator<void>, rclcpp::message_memory_strategy::MessageMemoryStrategy<std_msgs::msg::Int32_<std::allocator<void> >, std::allocator<void> > > > sub[m[Kâ€™
[2.140s]    32 |     auto [01;36m[Ksub[m[K = g_node->create_subscription<Int32>("number1", 10, onNumberSubscribed);
[2.140s]       |          [01;36m[K^~~[m[K
[3.516s] make[2]: *** [CMakeFiles/subscriber_async.dir/build.make:63: CMakeFiles/subscriber_async.dir/src/subscriber_async.cpp.o] Error 1
[3.516s] make[1]: *** [CMakeFiles/Makefile2:194: CMakeFiles/subscriber_async.dir/all] Error 2
[3.516s] make[1]: *** Waiting for unfinished jobs....
[3.725s] [ 50%] [32m[1mLinking CXX executable publisher[0m
[3.933s] [ 50%] Built target publisher
[5.339s] [ 60%] [32m[1mLinking CXX executable subscriber[0m
[5.372s] [ 70%] [32m[1mLinking CXX executable subscriber_custom[0m
[5.586s] [ 70%] Built target subscriber
[5.615s] [ 70%] Built target subscriber_custom
[5.616s] make: *** [Makefile:141: all] Error 2
[5.618s] Invoked command in '/root/ros2_ws/build/tutorial_topic' returned '2': AMENT_PREFIX_PATH=/root/ros2_ws/install/tutorial_interfaces:${AMENT_PREFIX_PATH} CMAKE_PREFIX_PATH=/root/ros2_ws/install/tutorial_interfaces:/opt/ros/foxy LD_LIBRARY_PATH=/root/ros2_ws/install/tutorial_interfaces/lib:${LD_LIBRARY_PATH} PYTHONPATH=/root/ros2_ws/install/tutorial_interfaces/lib/python3.8/site-packages:${PYTHONPATH} /usr/bin/cmake --build /root/ros2_ws/build/tutorial_topic -- -j4 -l4
