[35m[1mScanning dependencies of target subscriber_async[0m
[ 20%] Built target publisher
[ 40%] Built target subscriber_custom
[ 60%] Built target subscriber
[35m[1mScanning dependencies of target publisher_custom[0m
[ 70%] [32mBuilding CXX object CMakeFiles/subscriber_async.dir/src/subscriber_async.cpp.o[0m
[ 80%] [32mBuilding CXX object CMakeFiles/publisher_custom.dir/src/publisher_custom.cpp.o[0m
[01m[K/root/ros2_ws/src/tutorial_topic/src/subscriber_async.cpp:[m[K In function â€˜[01m[Kint main(int, char**)[m[Kâ€™:
[01m[K/root/ros2_ws/src/tutorial_topic/src/subscriber_async.cpp:32:66:[m[K [01;31m[Kerror: [m[Kâ€˜[01m[KonNumberSubscribed[m[Kâ€™ was not declared in this scope; did you mean â€˜[01m[KonNumber2Subscribed[m[Kâ€™?
   32 |     auto sub = g_node->create_subscription<Int32>("number1", 10, [01;31m[KonNumberSubscribed[m[K);
      |                                                                  [01;31m[K^~~~~~~~~~~~~~~~~~[m[K
      |                                                                  [32m[KonNumber2Subscribed[m[K
make[2]: *** [CMakeFiles/subscriber_async.dir/build.make:63: CMakeFiles/subscriber_async.dir/src/subscriber_async.cpp.o] Error 1
make[1]: *** [CMakeFiles/Makefile2:194: CMakeFiles/subscriber_async.dir/all] Error 2
make[1]: *** Waiting for unfinished jobs....
[ 90%] [32m[1mLinking CXX executable publisher_custom[0m
[ 90%] Built target publisher_custom
make: *** [Makefile:141: all] Error 2
